<?xml version="1.0" encoding="UTF-8"?>
<testng-results ignored="0" total="1" passed="1" failed="0" skipped="0">
  <reporter-output>
  </reporter-output>
  <suite started-at="2026-04-10T16:46:04 IST" name="Suite" finished-at="2026-04-10T16:46:36 IST" duration-ms="31666">
    <groups>
    </groups>
    <test started-at="2026-04-10T16:46:04 IST" name="Test" finished-at="2026-04-10T16:46:36 IST" duration-ms="31666">
      <class name="TestClasses.LinksTest">
        <test-method signature="verifyBrokenLinks()[pri:0, instance:TestClasses.LinksTest@21de60b4]" started-at="2026-04-10T16:46:04 IST" name="verifyBrokenLinks" finished-at="2026-04-10T16:46:36 IST" duration-ms="31444" status="PASS">
          <reporter-output>
          </reporter-output>
        </test-method> <!-- verifyBrokenLinks -->
      </class> <!-- TestClasses.LinksTest -->
    </test> <!-- Test -->
  </suite> <!-- Suite -->
</testng-results>
