<?xml version="1.0" encoding="UTF-8"?>
<!-- Generated by org.testng.reporters.JUnitReportReporter -->
<testsuite hostname="EPINHYDW1908" failures="0" tests="3" name="TestClasses.TestNG03_Test" time="5.606" errors="0" timestamp="2026-04-09T20:32:11 IST" skipped="0">
  <testcase classname="TestClasses.TestNG03_Test" name="verifyAddedDetails" time="0.558"/>
  <testcase classname="TestClasses.TestNG03_Test" name="launchBrowser" time="4.204"/>
  <testcase classname="TestClasses.TestNG03_Test" name="addNewRowToWebTable" time="0.844"/>
</testsuite> <!-- TestClasses.TestNG03_Test -->
