<?xml version="1.0" encoding="UTF-8"?>
<!-- Generated by org.testng.reporters.JUnitReportReporter -->
<testsuite hostname="EPINHYDW1908" failures="0" tests="3" name="TestClasses.TestNG03_01_Test" time="0.012" errors="0" timestamp="2026-04-09T22:26:19 IST" skipped="0">
  <testcase classname="TestClasses.TestNG03_01_Test" name="test3" time="0.008"/>
  <testcase classname="TestClasses.TestNG03_01_Test" name="test7" time="0.002"/>
  <testcase classname="TestClasses.TestNG03_01_Test" name="test5" time="0.002"/>
</testsuite> <!-- TestClasses.TestNG03_01_Test -->
