<?xml version="1.0" encoding="UTF-8"?>
<!-- Generated by org.testng.reporters.JUnitReportReporter -->
<testsuite hostname="EPINHYDW1908" failures="0" tests="2" name="TestClasses.TestNG01_01_Test" time="5.489" errors="0" timestamp="2026-04-09T13:53:02 IST" skipped="0">
  <testcase classname="TestClasses.TestNG01_01_Test" name="validateTitle" time="2.123"/>
  <testcase classname="TestClasses.TestNG01_01_Test" name="validatePageLoad" time="3.366"/>
</testsuite> <!-- TestClasses.TestNG01_01_Test -->
