<?xml version="1.0" encoding="UTF-8"?>
<!-- Generated by org.testng.reporters.JUnitReportReporter -->
<testsuite hostname="EPINHYDW1908" failures="0" tests="2" name="TestClasses.TestNG03_02_Test" time="27.246" errors="0" timestamp="2026-04-10T00:04:05 IST" skipped="0">
  <testcase classname="TestClasses.TestNG03_02_Test" name="loginFunctionality" time="17.501"/>
  <testcase classname="TestClasses.TestNG03_02_Test" name="loginFunctionality" time="9.745"/>
</testsuite> <!-- TestClasses.TestNG03_02_Test -->
