<?xml version="1.0" encoding="UTF-8"?>
<!-- Generated by org.testng.reporters.JUnitReportReporter -->
<testsuite hostname="EPINHYDW1908" failures="0" tests="2" name="TestClasses.TestNG03_02_Test" time="27.971" errors="0" timestamp="2026-04-10T15:46:54 IST" skipped="0">
  <testcase classname="TestClasses.TestNG03_02_Test" name="loginFunctionality_testng0302" time="17.993"/>
  <testcase classname="TestClasses.TestNG03_02_Test" name="loginFunctionality_testng0302" time="9.978"/>
</testsuite> <!-- TestClasses.TestNG03_02_Test -->
